[ 2017-02-23T16:52:40+08:00 ] 127.0.0.1 /dongshengsan/Code/Public/mobile.php?s=/Index/index.html
INFO: [ app_init ] --START--
INFO: Run Behavior\BuildLiteBehavior [ RunTime:0.000010s ]
INFO: [ app_init ] --END-- [ RunTime:0.000381s ]
SQL: SHOW COLUMNS FROM `xyh_meta` [ RunTime:0.0164s ]
SQL: SELECT `name`,`value` FROM `xyh_meta`  [ RunTime:0.0012s ]
SQL: SHOW COLUMNS FROM `xyh_config` [ RunTime:0.0151s ]
SQL: SELECT `name`,`value`,`typeid` FROM `xyh_config`  [ RunTime:0.0007s ]
INFO: [ app_begin ] --START--
INFO: Run Behavior\ReadHtmlCacheBehavior [ RunTime:0.000864s ]
INFO: [ app_begin ] --END-- [ RunTime:0.000954s ]
INFO: [ view_parse ] --START--
INFO: [ template_filter ] --START--
INFO: Run Behavior\ContentReplaceBehavior [ RunTime:0.000171s ]
INFO: [ template_filter ] --END-- [ RunTime:0.000248s ]
SQL: SHOW COLUMNS FROM `xyh_category` [ RunTime:0.0048s ]
SQL: SHOW COLUMNS FROM `xyh_model` [ RunTime:0.0037s ]
SQL: SELECT category.id AS id,category.name AS name,category.ename AS ename,category.catpic AS catpic,category.pid AS pid,category.modelid AS modelid,category.type AS type,category.seotitle AS seotitle,category.keywords AS keywords,category.description AS description,category.template_category AS template_category,category.template_list AS template_list,category.template_show AS template_show,category.status AS status,category.sort AS sort,model.name AS modelname,model.tablename AS tablename FROM xyh_category category LEFT JOIN xyh_model model ON category.modelid = model.id WHERE category.status = 1 ORDER BY category.sort ASC,category.id ASC  [ RunTime:0.0010s ]
SQL: SHOW COLUMNS FROM `xyh_block` [ RunTime:0.0039s ]
SQL: SELECT * FROM `xyh_block` WHERE `name` = 'Introduction' LIMIT 1   [ RunTime:0.0002s ]
SQL: SHOW COLUMNS FROM `xyh_product` [ RunTime:0.0033s ]
SQL: SELECT product.id AS id,product.title AS title,product.color AS color,product.keywords AS keywords,product.litpic AS litpic,product.description AS description,product.price AS price,product.marketprice AS marketprice,product.brand AS brand,product.units AS units,product.specification AS specification,product.publishtime AS publishtime,product.updatetime AS updatetime,product.click AS click,product.cid AS cid,product.commentflag AS commentflag,product.flag AS flag,product.jumpurl AS jumpurl,product.status AS status,product.userid AS userid,product.aid AS aid,product.pno AS pno,category.name AS catename,category.ename AS ename,category.modelid AS modelid FROM xyh_product product LEFT JOIN xyh_category category ON product.cid = category.id WHERE product.status = 0 ORDER BY product.id ASC LIMIT 3   [ RunTime:0.0003s ]
SQL: SHOW COLUMNS FROM `xyh_article` [ RunTime:0.0032s ]
SQL: SELECT article.id AS id,article.title AS title,article.shorttitle AS shorttitle,article.color AS color,article.copyfrom AS copyfrom,article.author AS author,article.keywords AS keywords,article.litpic AS litpic,article.description AS description,article.publishtime AS publishtime,article.updatetime AS updatetime,article.click AS click,article.cid AS cid,article.commentflag AS commentflag,article.flag AS flag,article.jumpurl AS jumpurl,article.status AS status,article.userid AS userid,article.aid AS aid,category.name AS catename,category.ename AS ename,category.modelid AS modelid FROM xyh_article article LEFT JOIN xyh_category category ON article.cid = category.id WHERE article.status = 0 ORDER BY article.id DESC LIMIT 6   [ RunTime:0.0004s ]
INFO: Run Behavior\ParseTemplateBehavior [ RunTime:0.047210s ]
INFO: [ view_parse ] --END-- [ RunTime:0.047254s ]
INFO: [ view_filter ] --START--
INFO: Run Behavior\WriteHtmlCacheBehavior [ RunTime:0.000303s ]
INFO: [ view_filter ] --END-- [ RunTime:0.000329s ]
INFO: [ app_end ] --START--
INFO: Run Behavior\ShowPageTraceBehavior [ RunTime:0.000361s ]
INFO: [ app_end ] --END-- [ RunTime:0.000385s ]

[ 2017-02-23T16:53:21+08:00 ] 127.0.0.1 /dongshengsan/Code/Public/mobile.php
INFO: [ app_init ] --START--
INFO: Run Behavior\BuildLiteBehavior [ RunTime:0.000010s ]
INFO: [ app_init ] --END-- [ RunTime:0.000301s ]
INFO: [ app_begin ] --START--
INFO: Run Behavior\ReadHtmlCacheBehavior [ RunTime:0.000338s ]
INFO: [ app_begin ] --END-- [ RunTime:0.000374s ]
INFO: [ view_parse ] --START--
INFO: [ template_filter ] --START--
INFO: Run Behavior\ContentReplaceBehavior [ RunTime:0.000061s ]
INFO: [ template_filter ] --END-- [ RunTime:0.000094s ]
SQL: SHOW COLUMNS FROM `xyh_product` [ RunTime:0.0137s ]
SQL: SHOW COLUMNS FROM `xyh_category` [ RunTime:0.0151s ]
SQL: SELECT product.id AS id,product.title AS title,product.color AS color,product.keywords AS keywords,product.litpic AS litpic,product.description AS description,product.price AS price,product.marketprice AS marketprice,product.brand AS brand,product.units AS units,product.specification AS specification,product.publishtime AS publishtime,product.updatetime AS updatetime,product.click AS click,product.cid AS cid,product.commentflag AS commentflag,product.flag AS flag,product.jumpurl AS jumpurl,product.status AS status,product.userid AS userid,product.aid AS aid,product.pno AS pno,category.name AS catename,category.ename AS ename,category.modelid AS modelid FROM xyh_product product LEFT JOIN xyh_category category ON product.cid = category.id WHERE product.status = 0 ORDER BY product.id ASC LIMIT 3   [ RunTime:0.0008s ]
SQL: SHOW COLUMNS FROM `xyh_article` [ RunTime:0.0068s ]
SQL: SELECT article.id AS id,article.title AS title,article.shorttitle AS shorttitle,article.color AS color,article.copyfrom AS copyfrom,article.author AS author,article.keywords AS keywords,article.litpic AS litpic,article.description AS description,article.publishtime AS publishtime,article.updatetime AS updatetime,article.click AS click,article.cid AS cid,article.commentflag AS commentflag,article.flag AS flag,article.jumpurl AS jumpurl,article.status AS status,article.userid AS userid,article.aid AS aid,category.name AS catename,category.ename AS ename,category.modelid AS modelid FROM xyh_article article LEFT JOIN xyh_category category ON article.cid = category.id WHERE article.status = 0 ORDER BY article.id DESC LIMIT 6   [ RunTime:0.0007s ]
INFO: Run Behavior\ParseTemplateBehavior [ RunTime:1.064876s ]
INFO: [ view_parse ] --END-- [ RunTime:1.064932s ]
INFO: [ view_filter ] --START--
INFO: Run Behavior\WriteHtmlCacheBehavior [ RunTime:0.000498s ]
INFO: [ view_filter ] --END-- [ RunTime:0.000547s ]
INFO: [ app_end ] --START--
INFO: Run Behavior\ShowPageTraceBehavior [ RunTime:0.000704s ]
INFO: [ app_end ] --END-- [ RunTime:0.000753s ]

[ 2017-02-23T16:54:14+08:00 ] 127.0.0.1 /dongshengsan/Code/Public/mobile.php?s=/Index/index.html
INFO: [ app_init ] --START--
INFO: Run Behavior\BuildLiteBehavior [ RunTime:0.000008s ]
INFO: [ app_init ] --END-- [ RunTime:0.000265s ]
INFO: [ app_begin ] --START--
INFO: Run Behavior\ReadHtmlCacheBehavior [ RunTime:0.000321s ]
INFO: [ app_begin ] --END-- [ RunTime:0.000350s ]
INFO: [ view_parse ] --START--
INFO: [ template_filter ] --START--
INFO: Run Behavior\ContentReplaceBehavior [ RunTime:0.000070s ]
INFO: [ template_filter ] --END-- [ RunTime:0.000102s ]
SQL: SHOW COLUMNS FROM `xyh_product` [ RunTime:0.0133s ]
SQL: SHOW COLUMNS FROM `xyh_category` [ RunTime:0.0120s ]
SQL: SELECT product.id AS id,product.title AS title,product.color AS color,product.keywords AS keywords,product.litpic AS litpic,product.description AS description,product.price AS price,product.marketprice AS marketprice,product.brand AS brand,product.units AS units,product.specification AS specification,product.publishtime AS publishtime,product.updatetime AS updatetime,product.click AS click,product.cid AS cid,product.commentflag AS commentflag,product.flag AS flag,product.jumpurl AS jumpurl,product.status AS status,product.userid AS userid,product.aid AS aid,product.pno AS pno,category.name AS catename,category.ename AS ename,category.modelid AS modelid FROM xyh_product product LEFT JOIN xyh_category category ON product.cid = category.id WHERE product.status = 0 ORDER BY product.id ASC LIMIT 3   [ RunTime:0.0022s ]
SQL: SHOW COLUMNS FROM `xyh_article` [ RunTime:0.0128s ]
SQL: SELECT article.id AS id,article.title AS title,article.shorttitle AS shorttitle,article.color AS color,article.copyfrom AS copyfrom,article.author AS author,article.keywords AS keywords,article.litpic AS litpic,article.description AS description,article.publishtime AS publishtime,article.updatetime AS updatetime,article.click AS click,article.cid AS cid,article.commentflag AS commentflag,article.flag AS flag,article.jumpurl AS jumpurl,article.status AS status,article.userid AS userid,article.aid AS aid,category.name AS catename,category.ename AS ename,category.modelid AS modelid FROM xyh_article article LEFT JOIN xyh_category category ON article.cid = category.id WHERE article.status = 0 ORDER BY article.id DESC LIMIT 6   [ RunTime:0.0016s ]
INFO: Run Behavior\ParseTemplateBehavior [ RunTime:1.069194s ]
INFO: [ view_parse ] --END-- [ RunTime:1.069280s ]
INFO: [ view_filter ] --START--
INFO: Run Behavior\WriteHtmlCacheBehavior [ RunTime:0.000698s ]
INFO: [ view_filter ] --END-- [ RunTime:0.000754s ]
INFO: [ app_end ] --START--
INFO: Run Behavior\ShowPageTraceBehavior [ RunTime:0.000900s ]
INFO: [ app_end ] --END-- [ RunTime:0.000958s ]

[ 2017-02-23T16:54:19+08:00 ] 127.0.0.1 /dongshengsan/Code/Public/mobile.php
INFO: [ app_init ] --START--
INFO: Run Behavior\BuildLiteBehavior [ RunTime:0.000008s ]
INFO: [ app_init ] --END-- [ RunTime:0.000249s ]
INFO: [ app_begin ] --START--
INFO: Run Behavior\ReadHtmlCacheBehavior [ RunTime:0.000303s ]
INFO: [ app_begin ] --END-- [ RunTime:0.000331s ]
INFO: [ view_parse ] --START--
INFO: [ template_filter ] --START--
INFO: Run Behavior\ContentReplaceBehavior [ RunTime:0.000073s ]
INFO: [ template_filter ] --END-- [ RunTime:0.000144s ]
SQL: SHOW COLUMNS FROM `xyh_product` [ RunTime:0.0228s ]
SQL: SHOW COLUMNS FROM `xyh_category` [ RunTime:0.0139s ]
SQL: SELECT product.id AS id,product.title AS title,product.color AS color,product.keywords AS keywords,product.litpic AS litpic,product.description AS description,product.price AS price,product.marketprice AS marketprice,product.brand AS brand,product.units AS units,product.specification AS specification,product.publishtime AS publishtime,product.updatetime AS updatetime,product.click AS click,product.cid AS cid,product.commentflag AS commentflag,product.flag AS flag,product.jumpurl AS jumpurl,product.status AS status,product.userid AS userid,product.aid AS aid,product.pno AS pno,category.name AS catename,category.ename AS ename,category.modelid AS modelid FROM xyh_product product LEFT JOIN xyh_category category ON product.cid = category.id WHERE product.status = 0 ORDER BY product.id ASC LIMIT 3   [ RunTime:0.0013s ]
SQL: SHOW COLUMNS FROM `xyh_article` [ RunTime:0.0093s ]
SQL: SELECT article.id AS id,article.title AS title,article.shorttitle AS shorttitle,article.color AS color,article.copyfrom AS copyfrom,article.author AS author,article.keywords AS keywords,article.litpic AS litpic,article.description AS description,article.publishtime AS publishtime,article.updatetime AS updatetime,article.click AS click,article.cid AS cid,article.commentflag AS commentflag,article.flag AS flag,article.jumpurl AS jumpurl,article.status AS status,article.userid AS userid,article.aid AS aid,category.name AS catename,category.ename AS ename,category.modelid AS modelid FROM xyh_article article LEFT JOIN xyh_category category ON article.cid = category.id WHERE article.status = 0 ORDER BY article.id DESC LIMIT 6   [ RunTime:0.0006s ]
INFO: Run Behavior\ParseTemplateBehavior [ RunTime:1.077103s ]
INFO: [ view_parse ] --END-- [ RunTime:1.077152s ]
INFO: [ view_filter ] --START--
INFO: Run Behavior\WriteHtmlCacheBehavior [ RunTime:0.000495s ]
INFO: [ view_filter ] --END-- [ RunTime:0.000543s ]
INFO: [ app_end ] --START--
INFO: Run Behavior\ShowPageTraceBehavior [ RunTime:0.000730s ]
INFO: [ app_end ] --END-- [ RunTime:0.000781s ]

