[ 2017-02-23T16:53:08+08:00 ] 127.0.0.1 /dongshengsan/Code/Public/
INFO: [ app_init ] --START--
INFO: Run Behavior\BuildLiteBehavior [ RunTime:0.000014s ]
INFO: [ app_init ] --END-- [ RunTime:0.000411s ]
INFO: [ app_begin ] --START--
INFO: Run Behavior\ReadHtmlCacheBehavior [ RunTime:0.000324s ]
INFO: [ app_begin ] --END-- [ RunTime:0.000356s ]
SQL: SHOW COLUMNS FROM `xyh_category` [ RunTime:0.0224s ]
SQL: SELECT * FROM `xyh_category` WHERE `name` = '企业新闻' LIMIT 1   [ RunTime:0.0010s ]
SQL: SHOW COLUMNS FROM `xyh_article` [ RunTime:0.0122s ]
SQL: SELECT * FROM `xyh_article` WHERE `cid` = 36 ORDER BY id LIMIT 0,5   [ RunTime:0.0018s ]
SQL: SELECT * FROM `xyh_category` WHERE `name` = '行业资讯' LIMIT 1   [ RunTime:0.0007s ]
SQL: SELECT * FROM `xyh_article` WHERE `cid` = 37 ORDER BY id LIMIT 0,5   [ RunTime:0.0022s ]
SQL: SELECT * FROM `xyh_category` WHERE `name` = '行业技术' LIMIT 1   [ RunTime:0.0010s ]
SQL: SELECT `id`,`title`,`litpic`,`cid` FROM `xyh_article` WHERE `cid` = 39 ORDER BY id LIMIT 0,10   [ RunTime:0.0009s ]
SQL: SELECT * FROM `xyh_category` WHERE `name` = '机房规范' LIMIT 1   [ RunTime:0.0008s ]
SQL: SELECT * FROM `xyh_article` WHERE `cid` = 38 ORDER BY id LIMIT 0,10   [ RunTime:0.0023s ]
SQL: SELECT * FROM `xyh_category` WHERE `name` = '典型案例' LIMIT 1   [ RunTime:0.0004s ]
SQL: SELECT `id` FROM `xyh_category` WHERE `pid` = 8  [ RunTime:0.0004s ]
NOTIC: [8] Use of undefined constant id - assumed 'id' D:\phpStudy\WWW\dongshengsan\Code\App\Home\Controller\IndexController.class.php 第 27 行.
SQL: SELECT * FROM `xyh_article` WHERE `cid` IN ('27','28','29','30','31','32','33','34','35') ORDER BY id LIMIT 0,3   [ RunTime:0.0004s ]
SQL: SHOW COLUMNS FROM `xyh_product` [ RunTime:0.0067s ]
SQL: SELECT * FROM `xyh_product` WHERE `flag` = 5 ORDER BY publishtime  [ RunTime:0.0012s ]
INFO: [ view_parse ] --START--
INFO: [ template_filter ] --START--
INFO: Run Behavior\ContentReplaceBehavior [ RunTime:0.000097s ]
INFO: [ template_filter ] --END-- [ RunTime:0.000141s ]
NOTIC: [8] Use of undefined constant litpic - assumed 'litpic' D:\phpStudy\WWW\dongshengsan\Code\Runtime\Cache\Home\91b3e39c136338f90b09dba9f9d80e1e.php 第 124 行.
NOTIC: [8] Use of undefined constant title - assumed 'title' D:\phpStudy\WWW\dongshengsan\Code\Runtime\Cache\Home\91b3e39c136338f90b09dba9f9d80e1e.php 第 126 行.
NOTIC: [8] Undefined variable: subtitle D:\phpStudy\WWW\dongshengsan\Code\Runtime\Cache\Home\91b3e39c136338f90b09dba9f9d80e1e.php 第 126 行.
NOTIC: [8] Use of undefined constant title - assumed 'title' D:\phpStudy\WWW\dongshengsan\Code\Runtime\Cache\Home\91b3e39c136338f90b09dba9f9d80e1e.php 第 127 行.
NOTIC: [8] Use of undefined constant title - assumed 'title' D:\phpStudy\WWW\dongshengsan\Code\Runtime\Cache\Home\91b3e39c136338f90b09dba9f9d80e1e.php 第 127 行.
NOTIC: [8] Use of undefined constant title - assumed 'title' D:\phpStudy\WWW\dongshengsan\Code\Runtime\Cache\Home\91b3e39c136338f90b09dba9f9d80e1e.php 第 160 行.
NOTIC: [8] Use of undefined constant title - assumed 'title' D:\phpStudy\WWW\dongshengsan\Code\Runtime\Cache\Home\91b3e39c136338f90b09dba9f9d80e1e.php 第 160 行.
NOTIC: [8] Use of undefined constant title - assumed 'title' D:\phpStudy\WWW\dongshengsan\Code\Runtime\Cache\Home\91b3e39c136338f90b09dba9f9d80e1e.php 第 160 行.
NOTIC: [8] Use of undefined constant title - assumed 'title' D:\phpStudy\WWW\dongshengsan\Code\Runtime\Cache\Home\91b3e39c136338f90b09dba9f9d80e1e.php 第 160 行.
NOTIC: [8] Use of undefined constant id - assumed 'id' D:\phpStudy\WWW\dongshengsan\Code\Runtime\Cache\Home\91b3e39c136338f90b09dba9f9d80e1e.php 第 223 行.
NOTIC: [8] Use of undefined constant id - assumed 'id' D:\phpStudy\WWW\dongshengsan\Code\Runtime\Cache\Home\91b3e39c136338f90b09dba9f9d80e1e.php 第 225 行.
NOTIC: [8] Use of undefined constant id - assumed 'id' D:\phpStudy\WWW\dongshengsan\Code\Runtime\Cache\Home\91b3e39c136338f90b09dba9f9d80e1e.php 第 223 行.
NOTIC: [8] Use of undefined constant id - assumed 'id' D:\phpStudy\WWW\dongshengsan\Code\Runtime\Cache\Home\91b3e39c136338f90b09dba9f9d80e1e.php 第 225 行.
NOTIC: [8] Use of undefined constant id - assumed 'id' D:\phpStudy\WWW\dongshengsan\Code\Runtime\Cache\Home\91b3e39c136338f90b09dba9f9d80e1e.php 第 223 行.
NOTIC: [8] Use of undefined constant id - assumed 'id' D:\phpStudy\WWW\dongshengsan\Code\Runtime\Cache\Home\91b3e39c136338f90b09dba9f9d80e1e.php 第 225 行.
INFO: Run Behavior\ParseTemplateBehavior [ RunTime:0.025727s ]
INFO: [ view_parse ] --END-- [ RunTime:0.025776s ]
INFO: [ view_filter ] --START--
INFO: Run Behavior\WriteHtmlCacheBehavior [ RunTime:0.000260s ]
INFO: [ view_filter ] --END-- [ RunTime:0.000290s ]
INFO: [ app_end ] --START--
INFO: Run Behavior\ShowPageTraceBehavior [ RunTime:0.000545s ]
INFO: [ app_end ] --END-- [ RunTime:0.000584s ]

