[ 2017-02-22T09:43:49+08:00 ] 127.0.0.1 /
INFO: [ app_init ] --START--
INFO: Run Behavior\BuildLiteBehavior [ RunTime:0.000009s ]
INFO: [ app_init ] --END-- [ RunTime:0.000319s ]
INFO: [ app_begin ] --START--
INFO: Run Behavior\ReadHtmlCacheBehavior [ RunTime:0.000367s ]
INFO: [ app_begin ] --END-- [ RunTime:0.000403s ]
SQL: SHOW COLUMNS FROM `xyh_category` [ RunTime:0.0245s ]
SQL: SELECT * FROM `xyh_category` WHERE `name` = '企业新闻' LIMIT 1   [ RunTime:0.0049s ]
SQL: SHOW COLUMNS FROM `xyh_article` [ RunTime:0.0073s ]
SQL: SELECT * FROM `xyh_article` WHERE `cid` = 36 ORDER BY id LIMIT 0,5   [ RunTime:0.0069s ]
SQL: SELECT * FROM `xyh_category` WHERE `name` = '行业资讯' LIMIT 1   [ RunTime:0.0004s ]
SQL: SELECT * FROM `xyh_article` WHERE `cid` = 37 ORDER BY id LIMIT 0,5   [ RunTime:0.0006s ]
SQL: SELECT * FROM `xyh_category` WHERE `name` = '行业技术' LIMIT 1   [ RunTime:0.0003s ]
SQL: SELECT `id`,`title`,`litpic`,`cid` FROM `xyh_article` WHERE `cid` = 39 ORDER BY id LIMIT 0,10   [ RunTime:0.0017s ]
SQL: SELECT * FROM `xyh_category` WHERE `name` = '机房规范' LIMIT 1   [ RunTime:0.0004s ]
SQL: SELECT * FROM `xyh_article` WHERE `cid` = 38 ORDER BY id LIMIT 0,10   [ RunTime:0.0018s ]
SQL: SELECT * FROM `xyh_category` WHERE `name` = '典型案例' LIMIT 1   [ RunTime:0.0003s ]
SQL: SELECT `id` FROM `xyh_category` WHERE `pid` = 8  [ RunTime:0.0003s ]
NOTIC: [8] Use of undefined constant id - assumed 'id' D:\phpStudy\WWW\dongshengsan\Code\App\Home\Controller\IndexController.class.php 第 27 行.
SQL: SELECT * FROM `xyh_article` WHERE `cid` IN ('27','28','29','30','31','32','33','34','35') ORDER BY id LIMIT 0,3   [ RunTime:0.0012s ]
SQL: SHOW COLUMNS FROM `xyh_product` [ RunTime:0.0066s ]
SQL: SELECT * FROM `xyh_product` WHERE `flag` = 5 ORDER BY publishtime  [ RunTime:0.0014s ]
INFO: [ view_parse ] --START--
INFO: [ template_filter ] --START--
INFO: Run Behavior\ContentReplaceBehavior [ RunTime:0.000073s ]
INFO: [ template_filter ] --END-- [ RunTime:0.000109s ]
NOTIC: [8] Use of undefined constant litpic - assumed 'litpic' D:\phpStudy\WWW\dongshengsan\Code\Runtime\Cache\Home\91b3e39c136338f90b09dba9f9d80e1e.php 第 124 行.
NOTIC: [8] Use of undefined constant title - assumed 'title' D:\phpStudy\WWW\dongshengsan\Code\Runtime\Cache\Home\91b3e39c136338f90b09dba9f9d80e1e.php 第 126 行.
NOTIC: [8] Undefined variable: subtitle D:\phpStudy\WWW\dongshengsan\Code\Runtime\Cache\Home\91b3e39c136338f90b09dba9f9d80e1e.php 第 126 行.
NOTIC: [8] Use of undefined constant title - assumed 'title' D:\phpStudy\WWW\dongshengsan\Code\Runtime\Cache\Home\91b3e39c136338f90b09dba9f9d80e1e.php 第 127 行.
NOTIC: [8] Use of undefined constant title - assumed 'title' D:\phpStudy\WWW\dongshengsan\Code\Runtime\Cache\Home\91b3e39c136338f90b09dba9f9d80e1e.php 第 127 行.
NOTIC: [8] Use of undefined constant title - assumed 'title' D:\phpStudy\WWW\dongshengsan\Code\Runtime\Cache\Home\91b3e39c136338f90b09dba9f9d80e1e.php 第 160 行.
NOTIC: [8] Use of undefined constant title - assumed 'title' D:\phpStudy\WWW\dongshengsan\Code\Runtime\Cache\Home\91b3e39c136338f90b09dba9f9d80e1e.php 第 160 行.
NOTIC: [8] Use of undefined constant title - assumed 'title' D:\phpStudy\WWW\dongshengsan\Code\Runtime\Cache\Home\91b3e39c136338f90b09dba9f9d80e1e.php 第 160 行.
NOTIC: [8] Use of undefined constant title - assumed 'title' D:\phpStudy\WWW\dongshengsan\Code\Runtime\Cache\Home\91b3e39c136338f90b09dba9f9d80e1e.php 第 160 行.
NOTIC: [8] Use of undefined constant id - assumed 'id' D:\phpStudy\WWW\dongshengsan\Code\Runtime\Cache\Home\91b3e39c136338f90b09dba9f9d80e1e.php 第 223 行.
NOTIC: [8] Use of undefined constant id - assumed 'id' D:\phpStudy\WWW\dongshengsan\Code\Runtime\Cache\Home\91b3e39c136338f90b09dba9f9d80e1e.php 第 225 行.
NOTIC: [8] Use of undefined constant id - assumed 'id' D:\phpStudy\WWW\dongshengsan\Code\Runtime\Cache\Home\91b3e39c136338f90b09dba9f9d80e1e.php 第 223 行.
NOTIC: [8] Use of undefined constant id - assumed 'id' D:\phpStudy\WWW\dongshengsan\Code\Runtime\Cache\Home\91b3e39c136338f90b09dba9f9d80e1e.php 第 225 行.
NOTIC: [8] Use of undefined constant id - assumed 'id' D:\phpStudy\WWW\dongshengsan\Code\Runtime\Cache\Home\91b3e39c136338f90b09dba9f9d80e1e.php 第 223 行.
NOTIC: [8] Use of undefined constant id - assumed 'id' D:\phpStudy\WWW\dongshengsan\Code\Runtime\Cache\Home\91b3e39c136338f90b09dba9f9d80e1e.php 第 225 行.
INFO: Run Behavior\ParseTemplateBehavior [ RunTime:0.046624s ]
INFO: [ view_parse ] --END-- [ RunTime:0.046660s ]
INFO: [ view_filter ] --START--
INFO: Run Behavior\WriteHtmlCacheBehavior [ RunTime:0.000581s ]
INFO: [ view_filter ] --END-- [ RunTime:0.000603s ]
INFO: [ app_end ] --START--
INFO: Run Behavior\ShowPageTraceBehavior [ RunTime:0.000441s ]
INFO: [ app_end ] --END-- [ RunTime:0.000479s ]

[ 2017-02-22T09:59:45+08:00 ] 127.0.0.1 /dongshengsan/Code/Public/
INFO: [ app_init ] --START--
INFO: Run Behavior\BuildLiteBehavior [ RunTime:0.000011s ]
INFO: [ app_init ] --END-- [ RunTime:0.000351s ]
INFO: [ app_begin ] --START--
INFO: Run Behavior\ReadHtmlCacheBehavior [ RunTime:0.000530s ]
INFO: [ app_begin ] --END-- [ RunTime:0.000586s ]
SQL: SHOW COLUMNS FROM `xyh_category` [ RunTime:0.0051s ]
SQL: SELECT * FROM `xyh_category` WHERE `name` = '企业新闻' LIMIT 1   [ RunTime:0.0005s ]
SQL: SHOW COLUMNS FROM `xyh_article` [ RunTime:0.0052s ]
SQL: SELECT * FROM `xyh_article` WHERE `cid` = 36 ORDER BY id LIMIT 0,5   [ RunTime:0.0008s ]
SQL: SELECT * FROM `xyh_category` WHERE `name` = '行业资讯' LIMIT 1   [ RunTime:0.0004s ]
SQL: SELECT * FROM `xyh_article` WHERE `cid` = 37 ORDER BY id LIMIT 0,5   [ RunTime:0.0007s ]
SQL: SELECT * FROM `xyh_category` WHERE `name` = '行业技术' LIMIT 1   [ RunTime:0.0005s ]
SQL: SELECT `id`,`title`,`litpic`,`cid` FROM `xyh_article` WHERE `cid` = 39 ORDER BY id LIMIT 0,10   [ RunTime:0.0005s ]
SQL: SELECT * FROM `xyh_category` WHERE `name` = '机房规范' LIMIT 1   [ RunTime:0.0005s ]
SQL: SELECT * FROM `xyh_article` WHERE `cid` = 38 ORDER BY id LIMIT 0,10   [ RunTime:0.0019s ]
SQL: SELECT * FROM `xyh_category` WHERE `name` = '典型案例' LIMIT 1   [ RunTime:0.0003s ]
SQL: SELECT `id` FROM `xyh_category` WHERE `pid` = 8  [ RunTime:0.0003s ]
NOTIC: [8] Use of undefined constant id - assumed 'id' D:\phpStudy\WWW\dongshengsan\Code\App\Home\Controller\IndexController.class.php 第 27 行.
SQL: SELECT * FROM `xyh_article` WHERE `cid` IN ('27','28','29','30','31','32','33','34','35') ORDER BY id LIMIT 0,3   [ RunTime:0.0004s ]
SQL: SHOW COLUMNS FROM `xyh_product` [ RunTime:0.0051s ]
SQL: SELECT * FROM `xyh_product` WHERE `flag` = 5 ORDER BY publishtime  [ RunTime:0.0009s ]
INFO: [ view_parse ] --START--
INFO: [ template_filter ] --START--
INFO: Run Behavior\ContentReplaceBehavior [ RunTime:0.000132s ]
INFO: [ template_filter ] --END-- [ RunTime:0.000202s ]
NOTIC: [8] Use of undefined constant litpic - assumed 'litpic' D:\phpStudy\WWW\dongshengsan\Code\Runtime\Cache\Home\91b3e39c136338f90b09dba9f9d80e1e.php 第 124 行.
NOTIC: [8] Use of undefined constant title - assumed 'title' D:\phpStudy\WWW\dongshengsan\Code\Runtime\Cache\Home\91b3e39c136338f90b09dba9f9d80e1e.php 第 126 行.
NOTIC: [8] Undefined variable: subtitle D:\phpStudy\WWW\dongshengsan\Code\Runtime\Cache\Home\91b3e39c136338f90b09dba9f9d80e1e.php 第 126 行.
NOTIC: [8] Use of undefined constant title - assumed 'title' D:\phpStudy\WWW\dongshengsan\Code\Runtime\Cache\Home\91b3e39c136338f90b09dba9f9d80e1e.php 第 127 行.
NOTIC: [8] Use of undefined constant title - assumed 'title' D:\phpStudy\WWW\dongshengsan\Code\Runtime\Cache\Home\91b3e39c136338f90b09dba9f9d80e1e.php 第 127 行.
NOTIC: [8] Use of undefined constant title - assumed 'title' D:\phpStudy\WWW\dongshengsan\Code\Runtime\Cache\Home\91b3e39c136338f90b09dba9f9d80e1e.php 第 160 行.
NOTIC: [8] Use of undefined constant title - assumed 'title' D:\phpStudy\WWW\dongshengsan\Code\Runtime\Cache\Home\91b3e39c136338f90b09dba9f9d80e1e.php 第 160 行.
NOTIC: [8] Use of undefined constant title - assumed 'title' D:\phpStudy\WWW\dongshengsan\Code\Runtime\Cache\Home\91b3e39c136338f90b09dba9f9d80e1e.php 第 160 行.
NOTIC: [8] Use of undefined constant title - assumed 'title' D:\phpStudy\WWW\dongshengsan\Code\Runtime\Cache\Home\91b3e39c136338f90b09dba9f9d80e1e.php 第 160 行.
NOTIC: [8] Use of undefined constant id - assumed 'id' D:\phpStudy\WWW\dongshengsan\Code\Runtime\Cache\Home\91b3e39c136338f90b09dba9f9d80e1e.php 第 223 行.
NOTIC: [8] Use of undefined constant id - assumed 'id' D:\phpStudy\WWW\dongshengsan\Code\Runtime\Cache\Home\91b3e39c136338f90b09dba9f9d80e1e.php 第 225 行.
NOTIC: [8] Use of undefined constant id - assumed 'id' D:\phpStudy\WWW\dongshengsan\Code\Runtime\Cache\Home\91b3e39c136338f90b09dba9f9d80e1e.php 第 223 行.
NOTIC: [8] Use of undefined constant id - assumed 'id' D:\phpStudy\WWW\dongshengsan\Code\Runtime\Cache\Home\91b3e39c136338f90b09dba9f9d80e1e.php 第 225 行.
NOTIC: [8] Use of undefined constant id - assumed 'id' D:\phpStudy\WWW\dongshengsan\Code\Runtime\Cache\Home\91b3e39c136338f90b09dba9f9d80e1e.php 第 223 行.
NOTIC: [8] Use of undefined constant id - assumed 'id' D:\phpStudy\WWW\dongshengsan\Code\Runtime\Cache\Home\91b3e39c136338f90b09dba9f9d80e1e.php 第 225 行.
INFO: Run Behavior\ParseTemplateBehavior [ RunTime:0.025964s ]
INFO: [ view_parse ] --END-- [ RunTime:0.026000s ]
INFO: [ view_filter ] --START--
INFO: Run Behavior\WriteHtmlCacheBehavior [ RunTime:0.000591s ]
INFO: [ view_filter ] --END-- [ RunTime:0.000615s ]
INFO: [ app_end ] --START--
INFO: Run Behavior\ShowPageTraceBehavior [ RunTime:0.001020s ]
INFO: [ app_end ] --END-- [ RunTime:0.001074s ]

[ 2017-02-22T09:59:55+08:00 ] 127.0.0.1 /dongshengsan/Code/Public/index.php?s=/zixundongtai/newsDetail/id/41php
INFO: [ app_init ] --START--
INFO: Run Behavior\BuildLiteBehavior [ RunTime:0.000012s ]
INFO: [ app_init ] --END-- [ RunTime:0.000427s ]
INFO: [ app_begin ] --START--
INFO: Run Behavior\ReadHtmlCacheBehavior [ RunTime:0.000499s ]
INFO: [ app_begin ] --END-- [ RunTime:0.000557s ]
SQL: SHOW COLUMNS FROM `xyh_category` [ RunTime:0.7002s ]
SQL: SELECT * FROM `xyh_category` WHERE `name` = '资讯动态' LIMIT 1   [ RunTime:0.0006s ]
SQL: SELECT * FROM `xyh_category` WHERE `pid` = 9 ORDER BY id  [ RunTime:0.0005s ]
SQL: SELECT * FROM `xyh_category` WHERE `name` = '典型案例' LIMIT 1   [ RunTime:0.0005s ]
SQL: SELECT `id` FROM `xyh_category` WHERE `pid` = 8  [ RunTime:0.0003s ]
NOTIC: [8] Use of undefined constant id - assumed 'id' D:\phpStudy\WWW\dongshengsan\Code\App\Home\Controller\ZixundongtaiController.class.php 第 53 行.
SQL: SHOW COLUMNS FROM `xyh_article` [ RunTime:0.0070s ]
SQL: SELECT * FROM `xyh_article` WHERE `cid` IN ('27','28','29','30','31','32','33','34','35') ORDER BY id LIMIT 0,10   [ RunTime:0.0008s ]
SQL: SELECT * FROM `xyh_article` WHERE `id` = 41 LIMIT 1   [ RunTime:0.0005s ]
SQL: SELECT * FROM `xyh_category` WHERE `id` = 36 LIMIT 1   [ RunTime:0.0004s ]
INFO: [ view_parse ] --START--
INFO: [ template_filter ] --START--
INFO: Run Behavior\ContentReplaceBehavior [ RunTime:0.000059s ]
INFO: [ template_filter ] --END-- [ RunTime:0.000099s ]
NOTIC: [8] Use of undefined constant id - assumed 'id' D:\phpStudy\WWW\dongshengsan\Code\Runtime\Cache\Home\5aef4fec0e198b2ca721beb586bc69a2.php 第 78 行.
NOTIC: [8] Use of undefined constant id - assumed 'id' D:\phpStudy\WWW\dongshengsan\Code\Runtime\Cache\Home\5aef4fec0e198b2ca721beb586bc69a2.php 第 78 行.
NOTIC: [8] Use of undefined constant id - assumed 'id' D:\phpStudy\WWW\dongshengsan\Code\Runtime\Cache\Home\5aef4fec0e198b2ca721beb586bc69a2.php 第 78 行.
NOTIC: [8] Use of undefined constant id - assumed 'id' D:\phpStudy\WWW\dongshengsan\Code\Runtime\Cache\Home\5aef4fec0e198b2ca721beb586bc69a2.php 第 78 行.
NOTIC: [8] Use of undefined constant id - assumed 'id' D:\phpStudy\WWW\dongshengsan\Code\Runtime\Cache\Home\5aef4fec0e198b2ca721beb586bc69a2.php 第 78 行.
NOTIC: [8] Use of undefined constant id - assumed 'id' D:\phpStudy\WWW\dongshengsan\Code\Runtime\Cache\Home\5aef4fec0e198b2ca721beb586bc69a2.php 第 78 行.
NOTIC: [8] Use of undefined constant id - assumed 'id' D:\phpStudy\WWW\dongshengsan\Code\Runtime\Cache\Home\5aef4fec0e198b2ca721beb586bc69a2.php 第 78 行.
NOTIC: [8] Use of undefined constant id - assumed 'id' D:\phpStudy\WWW\dongshengsan\Code\Runtime\Cache\Home\5aef4fec0e198b2ca721beb586bc69a2.php 第 78 行.
NOTIC: [8] Use of undefined constant id - assumed 'id' D:\phpStudy\WWW\dongshengsan\Code\Runtime\Cache\Home\5aef4fec0e198b2ca721beb586bc69a2.php 第 78 行.
NOTIC: [8] Use of undefined constant id - assumed 'id' D:\phpStudy\WWW\dongshengsan\Code\Runtime\Cache\Home\5aef4fec0e198b2ca721beb586bc69a2.php 第 78 行.
NOTIC: [8] Use of undefined constant publishtime - assumed 'publishtime' D:\phpStudy\WWW\dongshengsan\Code\Runtime\Cache\Home\5aef4fec0e198b2ca721beb586bc69a2.php 第 97 行.
INFO: Run Behavior\ParseTemplateBehavior [ RunTime:0.017479s ]
INFO: [ view_parse ] --END-- [ RunTime:0.017533s ]
INFO: [ view_filter ] --START--
INFO: Run Behavior\WriteHtmlCacheBehavior [ RunTime:0.000492s ]
INFO: [ view_filter ] --END-- [ RunTime:0.000637s ]
INFO: [ app_end ] --START--
INFO: Run Behavior\ShowPageTraceBehavior [ RunTime:0.000761s ]
INFO: [ app_end ] --END-- [ RunTime:0.000814s ]

[ 2017-02-22T10:00:01+08:00 ] 127.0.0.1 /dongshengsan/Code/Public/index.php?m=Mobile&s=/Index/index
INFO: [ app_init ] --START--
INFO: Run Behavior\BuildLiteBehavior [ RunTime:0.000014s ]
INFO: [ app_init ] --END-- [ RunTime:0.000456s ]
INFO: [ app_begin ] --START--
INFO: Run Behavior\ReadHtmlCacheBehavior [ RunTime:0.001039s ]
INFO: [ app_begin ] --END-- [ RunTime:0.001243s ]
SQL: SHOW COLUMNS FROM `xyh_category` [ RunTime:0.0055s ]
SQL: SELECT * FROM `xyh_category` WHERE `name` = '企业新闻' LIMIT 1   [ RunTime:0.0007s ]
SQL: SHOW COLUMNS FROM `xyh_article` [ RunTime:0.0049s ]
SQL: SELECT * FROM `xyh_article` WHERE `cid` = 36 ORDER BY id LIMIT 0,5   [ RunTime:0.0007s ]
SQL: SELECT * FROM `xyh_category` WHERE `name` = '行业资讯' LIMIT 1   [ RunTime:0.0004s ]
SQL: SELECT * FROM `xyh_article` WHERE `cid` = 37 ORDER BY id LIMIT 0,5   [ RunTime:0.0006s ]
SQL: SELECT * FROM `xyh_category` WHERE `name` = '行业技术' LIMIT 1   [ RunTime:0.0004s ]
SQL: SELECT `id`,`title`,`litpic`,`cid` FROM `xyh_article` WHERE `cid` = 39 ORDER BY id LIMIT 0,10   [ RunTime:0.0003s ]
SQL: SELECT * FROM `xyh_category` WHERE `name` = '机房规范' LIMIT 1   [ RunTime:0.0002s ]
SQL: SELECT * FROM `xyh_article` WHERE `cid` = 38 ORDER BY id LIMIT 0,10   [ RunTime:0.0017s ]
SQL: SELECT * FROM `xyh_category` WHERE `name` = '典型案例' LIMIT 1   [ RunTime:0.0004s ]
SQL: SELECT `id` FROM `xyh_category` WHERE `pid` = 8  [ RunTime:0.0002s ]
NOTIC: [8] Use of undefined constant id - assumed 'id' D:\phpStudy\WWW\dongshengsan\Code\App\Home\Controller\IndexController.class.php 第 27 行.
SQL: SELECT * FROM `xyh_article` WHERE `cid` IN ('27','28','29','30','31','32','33','34','35') ORDER BY id LIMIT 0,3   [ RunTime:0.0004s ]
SQL: SHOW COLUMNS FROM `xyh_product` [ RunTime:0.0057s ]
SQL: SELECT * FROM `xyh_product` WHERE `flag` = 5 ORDER BY publishtime  [ RunTime:0.0008s ]
INFO: [ view_parse ] --START--
INFO: [ template_filter ] --START--
INFO: Run Behavior\ContentReplaceBehavior [ RunTime:0.000073s ]
INFO: [ template_filter ] --END-- [ RunTime:0.000108s ]
NOTIC: [8] Use of undefined constant litpic - assumed 'litpic' D:\phpStudy\WWW\dongshengsan\Code\Runtime\Cache\Home\91b3e39c136338f90b09dba9f9d80e1e.php 第 124 行.
NOTIC: [8] Use of undefined constant title - assumed 'title' D:\phpStudy\WWW\dongshengsan\Code\Runtime\Cache\Home\91b3e39c136338f90b09dba9f9d80e1e.php 第 126 行.
NOTIC: [8] Undefined variable: subtitle D:\phpStudy\WWW\dongshengsan\Code\Runtime\Cache\Home\91b3e39c136338f90b09dba9f9d80e1e.php 第 126 行.
NOTIC: [8] Use of undefined constant title - assumed 'title' D:\phpStudy\WWW\dongshengsan\Code\Runtime\Cache\Home\91b3e39c136338f90b09dba9f9d80e1e.php 第 127 行.
NOTIC: [8] Use of undefined constant title - assumed 'title' D:\phpStudy\WWW\dongshengsan\Code\Runtime\Cache\Home\91b3e39c136338f90b09dba9f9d80e1e.php 第 127 行.
NOTIC: [8] Use of undefined constant title - assumed 'title' D:\phpStudy\WWW\dongshengsan\Code\Runtime\Cache\Home\91b3e39c136338f90b09dba9f9d80e1e.php 第 160 行.
NOTIC: [8] Use of undefined constant title - assumed 'title' D:\phpStudy\WWW\dongshengsan\Code\Runtime\Cache\Home\91b3e39c136338f90b09dba9f9d80e1e.php 第 160 行.
NOTIC: [8] Use of undefined constant title - assumed 'title' D:\phpStudy\WWW\dongshengsan\Code\Runtime\Cache\Home\91b3e39c136338f90b09dba9f9d80e1e.php 第 160 行.
NOTIC: [8] Use of undefined constant title - assumed 'title' D:\phpStudy\WWW\dongshengsan\Code\Runtime\Cache\Home\91b3e39c136338f90b09dba9f9d80e1e.php 第 160 行.
NOTIC: [8] Use of undefined constant id - assumed 'id' D:\phpStudy\WWW\dongshengsan\Code\Runtime\Cache\Home\91b3e39c136338f90b09dba9f9d80e1e.php 第 223 行.
NOTIC: [8] Use of undefined constant id - assumed 'id' D:\phpStudy\WWW\dongshengsan\Code\Runtime\Cache\Home\91b3e39c136338f90b09dba9f9d80e1e.php 第 225 行.
NOTIC: [8] Use of undefined constant id - assumed 'id' D:\phpStudy\WWW\dongshengsan\Code\Runtime\Cache\Home\91b3e39c136338f90b09dba9f9d80e1e.php 第 223 行.
NOTIC: [8] Use of undefined constant id - assumed 'id' D:\phpStudy\WWW\dongshengsan\Code\Runtime\Cache\Home\91b3e39c136338f90b09dba9f9d80e1e.php 第 225 行.
NOTIC: [8] Use of undefined constant id - assumed 'id' D:\phpStudy\WWW\dongshengsan\Code\Runtime\Cache\Home\91b3e39c136338f90b09dba9f9d80e1e.php 第 223 行.
NOTIC: [8] Use of undefined constant id - assumed 'id' D:\phpStudy\WWW\dongshengsan\Code\Runtime\Cache\Home\91b3e39c136338f90b09dba9f9d80e1e.php 第 225 行.
INFO: Run Behavior\ParseTemplateBehavior [ RunTime:0.020597s ]
INFO: [ view_parse ] --END-- [ RunTime:0.020629s ]
INFO: [ view_filter ] --START--
INFO: Run Behavior\WriteHtmlCacheBehavior [ RunTime:0.000386s ]
INFO: [ view_filter ] --END-- [ RunTime:0.000426s ]
INFO: [ app_end ] --START--
INFO: Run Behavior\ShowPageTraceBehavior [ RunTime:0.000642s ]
INFO: [ app_end ] --END-- [ RunTime:0.000689s ]

[ 2017-02-22T10:02:12+08:00 ] 127.0.0.1 /dongshengsan/Code/Public/index.php?s=/dianxinganli/anllist.html
INFO: [ app_init ] --START--
INFO: Run Behavior\BuildLiteBehavior [ RunTime:0.000018s ]
INFO: [ app_init ] --END-- [ RunTime:0.000708s ]
INFO: [ app_begin ] --START--
INFO: Run Behavior\ReadHtmlCacheBehavior [ RunTime:0.000561s ]
INFO: [ app_begin ] --END-- [ RunTime:0.000615s ]
SQL: SHOW COLUMNS FROM `xyh_category` [ RunTime:0.0082s ]
SQL: SELECT * FROM `xyh_category` WHERE `name` = '典型案例' LIMIT 1   [ RunTime:0.0005s ]
SQL: SELECT * FROM `xyh_category` WHERE `pid` = 8 ORDER BY `sort`  [ RunTime:0.0005s ]
SQL: SHOW COLUMNS FROM `xyh_article` [ RunTime:0.0065s ]
SQL: SELECT * FROM `xyh_article` WHERE `cid` = 27 ORDER BY `publishtime` desc LIMIT 0,2   [ RunTime:0.0004s ]
SQL: SELECT * FROM `xyh_article` WHERE `cid` = 28 ORDER BY `publishtime` desc LIMIT 0,2   [ RunTime:0.0003s ]
SQL: SELECT * FROM `xyh_article` WHERE `cid` = 29 ORDER BY `publishtime` desc LIMIT 0,2   [ RunTime:0.0003s ]
SQL: SELECT * FROM `xyh_article` WHERE `cid` = 30 ORDER BY `publishtime` desc LIMIT 0,2   [ RunTime:0.0003s ]
SQL: SELECT * FROM `xyh_article` WHERE `cid` = 31 ORDER BY `publishtime` desc LIMIT 0,2   [ RunTime:0.0002s ]
SQL: SELECT * FROM `xyh_article` WHERE `cid` = 32 ORDER BY `publishtime` desc LIMIT 0,2   [ RunTime:0.0003s ]
SQL: SELECT * FROM `xyh_article` WHERE `cid` = 33 ORDER BY `publishtime` desc LIMIT 0,2   [ RunTime:0.0002s ]
SQL: SELECT * FROM `xyh_article` WHERE `cid` = 34 ORDER BY `publishtime` desc LIMIT 0,2   [ RunTime:0.0003s ]
SQL: SELECT * FROM `xyh_article` WHERE `cid` = 35 ORDER BY `publishtime` desc LIMIT 0,2   [ RunTime:0.0003s ]
SQL: SELECT `id` FROM `xyh_category` WHERE `pid` = 8  [ RunTime:0.0003s ]
NOTIC: [8] Use of undefined constant id - assumed 'id' D:\phpStudy\WWW\dongshengsan\Code\App\Home\Controller\DianxinganliController.class.php 第 32 行.
SQL: SELECT * FROM `xyh_article` WHERE `cid` IN ('27','28','29','30','31','32','33','34','35') ORDER BY id LIMIT 0,3   [ RunTime:0.0004s ]
INFO: [ view_parse ] --START--
INFO: [ template_filter ] --START--
INFO: Run Behavior\ContentReplaceBehavior [ RunTime:0.000079s ]
INFO: [ template_filter ] --END-- [ RunTime:0.000133s ]
NOTIC: [8] Use of undefined constant id - assumed 'id' D:\phpStudy\WWW\dongshengsan\Code\Runtime\Cache\Home\2f29c52295a9c0f732d411bb36104e19.php 第 70 行.
NOTIC: [8] Use of undefined constant id - assumed 'id' D:\phpStudy\WWW\dongshengsan\Code\Runtime\Cache\Home\2f29c52295a9c0f732d411bb36104e19.php 第 72 行.
NOTIC: [8] Use of undefined constant id - assumed 'id' D:\phpStudy\WWW\dongshengsan\Code\Runtime\Cache\Home\2f29c52295a9c0f732d411bb36104e19.php 第 73 行.
NOTIC: [8] Use of undefined constant id - assumed 'id' D:\phpStudy\WWW\dongshengsan\Code\Runtime\Cache\Home\2f29c52295a9c0f732d411bb36104e19.php 第 70 行.
NOTIC: [8] Use of undefined constant id - assumed 'id' D:\phpStudy\WWW\dongshengsan\Code\Runtime\Cache\Home\2f29c52295a9c0f732d411bb36104e19.php 第 72 行.
NOTIC: [8] Use of undefined constant id - assumed 'id' D:\phpStudy\WWW\dongshengsan\Code\Runtime\Cache\Home\2f29c52295a9c0f732d411bb36104e19.php 第 73 行.
NOTIC: [8] Use of undefined constant id - assumed 'id' D:\phpStudy\WWW\dongshengsan\Code\Runtime\Cache\Home\2f29c52295a9c0f732d411bb36104e19.php 第 70 行.
NOTIC: [8] Use of undefined constant id - assumed 'id' D:\phpStudy\WWW\dongshengsan\Code\Runtime\Cache\Home\2f29c52295a9c0f732d411bb36104e19.php 第 72 行.
NOTIC: [8] Use of undefined constant id - assumed 'id' D:\phpStudy\WWW\dongshengsan\Code\Runtime\Cache\Home\2f29c52295a9c0f732d411bb36104e19.php 第 73 行.
NOTIC: [8] Use of undefined constant id - assumed 'id' D:\phpStudy\WWW\dongshengsan\Code\Runtime\Cache\Home\2f29c52295a9c0f732d411bb36104e19.php 第 70 行.
NOTIC: [8] Use of undefined constant id - assumed 'id' D:\phpStudy\WWW\dongshengsan\Code\Runtime\Cache\Home\2f29c52295a9c0f732d411bb36104e19.php 第 72 行.
NOTIC: [8] Use of undefined constant id - assumed 'id' D:\phpStudy\WWW\dongshengsan\Code\Runtime\Cache\Home\2f29c52295a9c0f732d411bb36104e19.php 第 73 行.
NOTIC: [8] Use of undefined constant id - assumed 'id' D:\phpStudy\WWW\dongshengsan\Code\Runtime\Cache\Home\2f29c52295a9c0f732d411bb36104e19.php 第 70 行.
NOTIC: [8] Use of undefined constant id - assumed 'id' D:\phpStudy\WWW\dongshengsan\Code\Runtime\Cache\Home\2f29c52295a9c0f732d411bb36104e19.php 第 72 行.
NOTIC: [8] Use of undefined constant id - assumed 'id' D:\phpStudy\WWW\dongshengsan\Code\Runtime\Cache\Home\2f29c52295a9c0f732d411bb36104e19.php 第 73 行.
NOTIC: [8] Use of undefined constant id - assumed 'id' D:\phpStudy\WWW\dongshengsan\Code\Runtime\Cache\Home\2f29c52295a9c0f732d411bb36104e19.php 第 70 行.
NOTIC: [8] Use of undefined constant id - assumed 'id' D:\phpStudy\WWW\dongshengsan\Code\Runtime\Cache\Home\2f29c52295a9c0f732d411bb36104e19.php 第 72 行.
NOTIC: [8] Use of undefined constant id - assumed 'id' D:\phpStudy\WWW\dongshengsan\Code\Runtime\Cache\Home\2f29c52295a9c0f732d411bb36104e19.php 第 73 行.
NOTIC: [8] Use of undefined constant id - assumed 'id' D:\phpStudy\WWW\dongshengsan\Code\Runtime\Cache\Home\2f29c52295a9c0f732d411bb36104e19.php 第 70 行.
NOTIC: [8] Use of undefined constant id - assumed 'id' D:\phpStudy\WWW\dongshengsan\Code\Runtime\Cache\Home\2f29c52295a9c0f732d411bb36104e19.php 第 72 行.
NOTIC: [8] Use of undefined constant id - assumed 'id' D:\phpStudy\WWW\dongshengsan\Code\Runtime\Cache\Home\2f29c52295a9c0f732d411bb36104e19.php 第 73 行.
NOTIC: [8] Use of undefined constant id - assumed 'id' D:\phpStudy\WWW\dongshengsan\Code\Runtime\Cache\Home\2f29c52295a9c0f732d411bb36104e19.php 第 70 行.
NOTIC: [8] Use of undefined constant id - assumed 'id' D:\phpStudy\WWW\dongshengsan\Code\Runtime\Cache\Home\2f29c52295a9c0f732d411bb36104e19.php 第 72 行.
NOTIC: [8] Use of undefined constant id - assumed 'id' D:\phpStudy\WWW\dongshengsan\Code\Runtime\Cache\Home\2f29c52295a9c0f732d411bb36104e19.php 第 73 行.
NOTIC: [8] Use of undefined constant id - assumed 'id' D:\phpStudy\WWW\dongshengsan\Code\Runtime\Cache\Home\2f29c52295a9c0f732d411bb36104e19.php 第 70 行.
NOTIC: [8] Use of undefined constant id - assumed 'id' D:\phpStudy\WWW\dongshengsan\Code\Runtime\Cache\Home\2f29c52295a9c0f732d411bb36104e19.php 第 72 行.
NOTIC: [8] Use of undefined constant id - assumed 'id' D:\phpStudy\WWW\dongshengsan\Code\Runtime\Cache\Home\2f29c52295a9c0f732d411bb36104e19.php 第 73 行.
NOTIC: [8] Use of undefined constant id - assumed 'id' D:\phpStudy\WWW\dongshengsan\Code\Runtime\Cache\Home\2f29c52295a9c0f732d411bb36104e19.php 第 70 行.
NOTIC: [8] Use of undefined constant id - assumed 'id' D:\phpStudy\WWW\dongshengsan\Code\Runtime\Cache\Home\2f29c52295a9c0f732d411bb36104e19.php 第 72 行.
NOTIC: [8] Use of undefined constant id - assumed 'id' D:\phpStudy\WWW\dongshengsan\Code\Runtime\Cache\Home\2f29c52295a9c0f732d411bb36104e19.php 第 73 行.
NOTIC: [8] Use of undefined constant id - assumed 'id' D:\phpStudy\WWW\dongshengsan\Code\Runtime\Cache\Home\2f29c52295a9c0f732d411bb36104e19.php 第 70 行.
NOTIC: [8] Use of undefined constant id - assumed 'id' D:\phpStudy\WWW\dongshengsan\Code\Runtime\Cache\Home\2f29c52295a9c0f732d411bb36104e19.php 第 72 行.
NOTIC: [8] Use of undefined constant id - assumed 'id' D:\phpStudy\WWW\dongshengsan\Code\Runtime\Cache\Home\2f29c52295a9c0f732d411bb36104e19.php 第 73 行.
NOTIC: [8] Use of undefined constant id - assumed 'id' D:\phpStudy\WWW\dongshengsan\Code\Runtime\Cache\Home\2f29c52295a9c0f732d411bb36104e19.php 第 70 行.
NOTIC: [8] Use of undefined constant id - assumed 'id' D:\phpStudy\WWW\dongshengsan\Code\Runtime\Cache\Home\2f29c52295a9c0f732d411bb36104e19.php 第 72 行.
NOTIC: [8] Use of undefined constant id - assumed 'id' D:\phpStudy\WWW\dongshengsan\Code\Runtime\Cache\Home\2f29c52295a9c0f732d411bb36104e19.php 第 73 行.
NOTIC: [8] Use of undefined constant id - assumed 'id' D:\phpStudy\WWW\dongshengsan\Code\Runtime\Cache\Home\2f29c52295a9c0f732d411bb36104e19.php 第 70 行.
NOTIC: [8] Use of undefined constant id - assumed 'id' D:\phpStudy\WWW\dongshengsan\Code\Runtime\Cache\Home\2f29c52295a9c0f732d411bb36104e19.php 第 72 行.
NOTIC: [8] Use of undefined constant id - assumed 'id' D:\phpStudy\WWW\dongshengsan\Code\Runtime\Cache\Home\2f29c52295a9c0f732d411bb36104e19.php 第 73 行.
NOTIC: [8] Use of undefined constant id - assumed 'id' D:\phpStudy\WWW\dongshengsan\Code\Runtime\Cache\Home\2f29c52295a9c0f732d411bb36104e19.php 第 70 行.
NOTIC: [8] Use of undefined constant id - assumed 'id' D:\phpStudy\WWW\dongshengsan\Code\Runtime\Cache\Home\2f29c52295a9c0f732d411bb36104e19.php 第 72 行.
NOTIC: [8] Use of undefined constant id - assumed 'id' D:\phpStudy\WWW\dongshengsan\Code\Runtime\Cache\Home\2f29c52295a9c0f732d411bb36104e19.php 第 73 行.
NOTIC: [8] Use of undefined constant id - assumed 'id' D:\phpStudy\WWW\dongshengsan\Code\Runtime\Cache\Home\2f29c52295a9c0f732d411bb36104e19.php 第 70 行.
NOTIC: [8] Use of undefined constant id - assumed 'id' D:\phpStudy\WWW\dongshengsan\Code\Runtime\Cache\Home\2f29c52295a9c0f732d411bb36104e19.php 第 72 行.
NOTIC: [8] Use of undefined constant id - assumed 'id' D:\phpStudy\WWW\dongshengsan\Code\Runtime\Cache\Home\2f29c52295a9c0f732d411bb36104e19.php 第 73 行.
NOTIC: [8] Use of undefined constant id - assumed 'id' D:\phpStudy\WWW\dongshengsan\Code\Runtime\Cache\Home\2f29c52295a9c0f732d411bb36104e19.php 第 70 行.
NOTIC: [8] Use of undefined constant id - assumed 'id' D:\phpStudy\WWW\dongshengsan\Code\Runtime\Cache\Home\2f29c52295a9c0f732d411bb36104e19.php 第 72 行.
NOTIC: [8] Use of undefined constant id - assumed 'id' D:\phpStudy\WWW\dongshengsan\Code\Runtime\Cache\Home\2f29c52295a9c0f732d411bb36104e19.php 第 73 行.
NOTIC: [8] Use of undefined constant id - assumed 'id' D:\phpStudy\WWW\dongshengsan\Code\Runtime\Cache\Home\2f29c52295a9c0f732d411bb36104e19.php 第 106 行.
NOTIC: [8] Use of undefined constant id - assumed 'id' D:\phpStudy\WWW\dongshengsan\Code\Runtime\Cache\Home\2f29c52295a9c0f732d411bb36104e19.php 第 108 行.
NOTIC: [8] Use of undefined constant id - assumed 'id' D:\phpStudy\WWW\dongshengsan\Code\Runtime\Cache\Home\2f29c52295a9c0f732d411bb36104e19.php 第 106 行.
NOTIC: [8] Use of undefined constant id - assumed 'id' D:\phpStudy\WWW\dongshengsan\Code\Runtime\Cache\Home\2f29c52295a9c0f732d411bb36104e19.php 第 108 行.
NOTIC: [8] Use of undefined constant id - assumed 'id' D:\phpStudy\WWW\dongshengsan\Code\Runtime\Cache\Home\2f29c52295a9c0f732d411bb36104e19.php 第 106 行.
NOTIC: [8] Use of undefined constant id - assumed 'id' D:\phpStudy\WWW\dongshengsan\Code\Runtime\Cache\Home\2f29c52295a9c0f732d411bb36104e19.php 第 108 行.
INFO: Run Behavior\ParseTemplateBehavior [ RunTime:0.036177s ]
INFO: [ view_parse ] --END-- [ RunTime:0.036218s ]
INFO: [ view_filter ] --START--
INFO: Run Behavior\WriteHtmlCacheBehavior [ RunTime:0.000393s ]
INFO: [ view_filter ] --END-- [ RunTime:0.000425s ]
INFO: [ app_end ] --START--
INFO: Run Behavior\ShowPageTraceBehavior [ RunTime:0.000613s ]
INFO: [ app_end ] --END-- [ RunTime:0.000657s ]

[ 2017-02-22T10:16:49+08:00 ] 127.0.0.1 /dongshengsan/Code/Public/
INFO: [ app_init ] --START--
INFO: Run Behavior\BuildLiteBehavior [ RunTime:0.000009s ]
INFO: [ app_init ] --END-- [ RunTime:0.000340s ]
INFO: [ app_begin ] --START--
INFO: Run Behavior\ReadHtmlCacheBehavior [ RunTime:0.000373s ]
INFO: [ app_begin ] --END-- [ RunTime:0.000403s ]
SQL: SHOW COLUMNS FROM `xyh_category` [ RunTime:0.0061s ]
SQL: SELECT * FROM `xyh_category` WHERE `name` = '企业新闻' LIMIT 1   [ RunTime:0.0004s ]
SQL: SHOW COLUMNS FROM `xyh_article` [ RunTime:0.0046s ]
SQL: SELECT * FROM `xyh_article` WHERE `cid` = 36 ORDER BY id LIMIT 0,5   [ RunTime:0.0006s ]
SQL: SELECT * FROM `xyh_category` WHERE `name` = '行业资讯' LIMIT 1   [ RunTime:0.0004s ]
SQL: SELECT * FROM `xyh_article` WHERE `cid` = 37 ORDER BY id LIMIT 0,5   [ RunTime:0.0006s ]
SQL: SELECT * FROM `xyh_category` WHERE `name` = '行业技术' LIMIT 1   [ RunTime:0.0002s ]
SQL: SELECT `id`,`title`,`litpic`,`cid` FROM `xyh_article` WHERE `cid` = 39 ORDER BY id LIMIT 0,10   [ RunTime:0.0002s ]
SQL: SELECT * FROM `xyh_category` WHERE `name` = '机房规范' LIMIT 1   [ RunTime:0.0003s ]
SQL: SELECT * FROM `xyh_article` WHERE `cid` = 38 ORDER BY id LIMIT 0,10   [ RunTime:0.0015s ]
SQL: SELECT * FROM `xyh_category` WHERE `name` = '典型案例' LIMIT 1   [ RunTime:0.0003s ]
SQL: SELECT `id` FROM `xyh_category` WHERE `pid` = 8  [ RunTime:0.0002s ]
NOTIC: [8] Use of undefined constant id - assumed 'id' D:\phpStudy\WWW\dongshengsan\Code\App\Home\Controller\IndexController.class.php 第 27 行.
SQL: SELECT * FROM `xyh_article` WHERE `cid` IN ('27','28','29','30','31','32','33','34','35') ORDER BY id LIMIT 0,3   [ RunTime:0.0003s ]
SQL: SHOW COLUMNS FROM `xyh_product` [ RunTime:0.0044s ]
SQL: SELECT * FROM `xyh_product` WHERE `flag` = 5 ORDER BY publishtime  [ RunTime:0.0008s ]
INFO: [ view_parse ] --START--
INFO: [ template_filter ] --START--
INFO: Run Behavior\ContentReplaceBehavior [ RunTime:0.000119s ]
INFO: [ template_filter ] --END-- [ RunTime:0.000169s ]
NOTIC: [8] Use of undefined constant litpic - assumed 'litpic' D:\phpStudy\WWW\dongshengsan\Code\Runtime\Cache\Home\91b3e39c136338f90b09dba9f9d80e1e.php 第 124 行.
NOTIC: [8] Use of undefined constant title - assumed 'title' D:\phpStudy\WWW\dongshengsan\Code\Runtime\Cache\Home\91b3e39c136338f90b09dba9f9d80e1e.php 第 126 行.
NOTIC: [8] Undefined variable: subtitle D:\phpStudy\WWW\dongshengsan\Code\Runtime\Cache\Home\91b3e39c136338f90b09dba9f9d80e1e.php 第 126 行.
NOTIC: [8] Use of undefined constant title - assumed 'title' D:\phpStudy\WWW\dongshengsan\Code\Runtime\Cache\Home\91b3e39c136338f90b09dba9f9d80e1e.php 第 127 行.
NOTIC: [8] Use of undefined constant title - assumed 'title' D:\phpStudy\WWW\dongshengsan\Code\Runtime\Cache\Home\91b3e39c136338f90b09dba9f9d80e1e.php 第 127 行.
NOTIC: [8] Use of undefined constant title - assumed 'title' D:\phpStudy\WWW\dongshengsan\Code\Runtime\Cache\Home\91b3e39c136338f90b09dba9f9d80e1e.php 第 160 行.
NOTIC: [8] Use of undefined constant title - assumed 'title' D:\phpStudy\WWW\dongshengsan\Code\Runtime\Cache\Home\91b3e39c136338f90b09dba9f9d80e1e.php 第 160 行.
NOTIC: [8] Use of undefined constant title - assumed 'title' D:\phpStudy\WWW\dongshengsan\Code\Runtime\Cache\Home\91b3e39c136338f90b09dba9f9d80e1e.php 第 160 行.
NOTIC: [8] Use of undefined constant title - assumed 'title' D:\phpStudy\WWW\dongshengsan\Code\Runtime\Cache\Home\91b3e39c136338f90b09dba9f9d80e1e.php 第 160 行.
NOTIC: [8] Use of undefined constant id - assumed 'id' D:\phpStudy\WWW\dongshengsan\Code\Runtime\Cache\Home\91b3e39c136338f90b09dba9f9d80e1e.php 第 223 行.
NOTIC: [8] Use of undefined constant id - assumed 'id' D:\phpStudy\WWW\dongshengsan\Code\Runtime\Cache\Home\91b3e39c136338f90b09dba9f9d80e1e.php 第 225 行.
NOTIC: [8] Use of undefined constant id - assumed 'id' D:\phpStudy\WWW\dongshengsan\Code\Runtime\Cache\Home\91b3e39c136338f90b09dba9f9d80e1e.php 第 223 行.
NOTIC: [8] Use of undefined constant id - assumed 'id' D:\phpStudy\WWW\dongshengsan\Code\Runtime\Cache\Home\91b3e39c136338f90b09dba9f9d80e1e.php 第 225 行.
NOTIC: [8] Use of undefined constant id - assumed 'id' D:\phpStudy\WWW\dongshengsan\Code\Runtime\Cache\Home\91b3e39c136338f90b09dba9f9d80e1e.php 第 223 行.
NOTIC: [8] Use of undefined constant id - assumed 'id' D:\phpStudy\WWW\dongshengsan\Code\Runtime\Cache\Home\91b3e39c136338f90b09dba9f9d80e1e.php 第 225 行.
INFO: Run Behavior\ParseTemplateBehavior [ RunTime:0.029327s ]
INFO: [ view_parse ] --END-- [ RunTime:0.029365s ]
INFO: [ view_filter ] --START--
INFO: Run Behavior\WriteHtmlCacheBehavior [ RunTime:0.000420s ]
INFO: [ view_filter ] --END-- [ RunTime:0.000448s ]
INFO: [ app_end ] --START--
INFO: Run Behavior\ShowPageTraceBehavior [ RunTime:0.000569s ]
INFO: [ app_end ] --END-- [ RunTime:0.000606s ]

[ 2017-02-22T10:19:55+08:00 ] 127.0.0.1 /dongshengsan/Code/Public/
INFO: [ app_init ] --START--
INFO: Run Behavior\BuildLiteBehavior [ RunTime:0.000008s ]
INFO: [ app_init ] --END-- [ RunTime:0.000268s ]
INFO: [ app_begin ] --START--
INFO: Run Behavior\ReadHtmlCacheBehavior [ RunTime:0.000399s ]
INFO: [ app_begin ] --END-- [ RunTime:0.000436s ]
SQL: SHOW COLUMNS FROM `xyh_category` [ RunTime:0.0044s ]
SQL: SELECT * FROM `xyh_category` WHERE `name` = '企业新闻' LIMIT 1   [ RunTime:0.0004s ]
SQL: SHOW COLUMNS FROM `xyh_article` [ RunTime:0.0050s ]
SQL: SELECT * FROM `xyh_article` WHERE `cid` = 36 ORDER BY id LIMIT 0,5   [ RunTime:0.0006s ]
SQL: SELECT * FROM `xyh_category` WHERE `name` = '行业资讯' LIMIT 1   [ RunTime:0.0003s ]
SQL: SELECT * FROM `xyh_article` WHERE `cid` = 37 ORDER BY id LIMIT 0,5   [ RunTime:0.0005s ]
SQL: SELECT * FROM `xyh_category` WHERE `name` = '行业技术' LIMIT 1   [ RunTime:0.0002s ]
SQL: SELECT `id`,`title`,`litpic`,`cid` FROM `xyh_article` WHERE `cid` = 39 ORDER BY id LIMIT 0,10   [ RunTime:0.0002s ]
SQL: SELECT * FROM `xyh_category` WHERE `name` = '机房规范' LIMIT 1   [ RunTime:0.0002s ]
SQL: SELECT * FROM `xyh_article` WHERE `cid` = 38 ORDER BY id LIMIT 0,10   [ RunTime:0.0020s ]
SQL: SELECT * FROM `xyh_category` WHERE `name` = '典型案例' LIMIT 1   [ RunTime:0.0003s ]
SQL: SELECT `id` FROM `xyh_category` WHERE `pid` = 8  [ RunTime:0.0002s ]
NOTIC: [8] Use of undefined constant id - assumed 'id' D:\phpStudy\WWW\dongshengsan\Code\App\Home\Controller\IndexController.class.php 第 27 行.
SQL: SELECT * FROM `xyh_article` WHERE `cid` IN ('27','28','29','30','31','32','33','34','35') ORDER BY id LIMIT 0,3   [ RunTime:0.0003s ]
SQL: SHOW COLUMNS FROM `xyh_product` [ RunTime:0.0045s ]
SQL: SELECT * FROM `xyh_product` WHERE `flag` = 5 ORDER BY publishtime  [ RunTime:0.0007s ]
INFO: [ view_parse ] --START--
INFO: [ template_filter ] --START--
INFO: Run Behavior\ContentReplaceBehavior [ RunTime:0.000119s ]
INFO: [ template_filter ] --END-- [ RunTime:0.000165s ]
NOTIC: [8] Use of undefined constant litpic - assumed 'litpic' D:\phpStudy\WWW\dongshengsan\Code\Runtime\Cache\Home\91b3e39c136338f90b09dba9f9d80e1e.php 第 124 行.
NOTIC: [8] Use of undefined constant title - assumed 'title' D:\phpStudy\WWW\dongshengsan\Code\Runtime\Cache\Home\91b3e39c136338f90b09dba9f9d80e1e.php 第 126 行.
NOTIC: [8] Undefined variable: subtitle D:\phpStudy\WWW\dongshengsan\Code\Runtime\Cache\Home\91b3e39c136338f90b09dba9f9d80e1e.php 第 126 行.
NOTIC: [8] Use of undefined constant title - assumed 'title' D:\phpStudy\WWW\dongshengsan\Code\Runtime\Cache\Home\91b3e39c136338f90b09dba9f9d80e1e.php 第 127 行.
NOTIC: [8] Use of undefined constant title - assumed 'title' D:\phpStudy\WWW\dongshengsan\Code\Runtime\Cache\Home\91b3e39c136338f90b09dba9f9d80e1e.php 第 127 行.
NOTIC: [8] Use of undefined constant title - assumed 'title' D:\phpStudy\WWW\dongshengsan\Code\Runtime\Cache\Home\91b3e39c136338f90b09dba9f9d80e1e.php 第 160 行.
NOTIC: [8] Use of undefined constant title - assumed 'title' D:\phpStudy\WWW\dongshengsan\Code\Runtime\Cache\Home\91b3e39c136338f90b09dba9f9d80e1e.php 第 160 行.
NOTIC: [8] Use of undefined constant title - assumed 'title' D:\phpStudy\WWW\dongshengsan\Code\Runtime\Cache\Home\91b3e39c136338f90b09dba9f9d80e1e.php 第 160 行.
NOTIC: [8] Use of undefined constant title - assumed 'title' D:\phpStudy\WWW\dongshengsan\Code\Runtime\Cache\Home\91b3e39c136338f90b09dba9f9d80e1e.php 第 160 行.
NOTIC: [8] Use of undefined constant id - assumed 'id' D:\phpStudy\WWW\dongshengsan\Code\Runtime\Cache\Home\91b3e39c136338f90b09dba9f9d80e1e.php 第 223 行.
NOTIC: [8] Use of undefined constant id - assumed 'id' D:\phpStudy\WWW\dongshengsan\Code\Runtime\Cache\Home\91b3e39c136338f90b09dba9f9d80e1e.php 第 225 行.
NOTIC: [8] Use of undefined constant id - assumed 'id' D:\phpStudy\WWW\dongshengsan\Code\Runtime\Cache\Home\91b3e39c136338f90b09dba9f9d80e1e.php 第 223 行.
NOTIC: [8] Use of undefined constant id - assumed 'id' D:\phpStudy\WWW\dongshengsan\Code\Runtime\Cache\Home\91b3e39c136338f90b09dba9f9d80e1e.php 第 225 行.
NOTIC: [8] Use of undefined constant id - assumed 'id' D:\phpStudy\WWW\dongshengsan\Code\Runtime\Cache\Home\91b3e39c136338f90b09dba9f9d80e1e.php 第 223 行.
NOTIC: [8] Use of undefined constant id - assumed 'id' D:\phpStudy\WWW\dongshengsan\Code\Runtime\Cache\Home\91b3e39c136338f90b09dba9f9d80e1e.php 第 225 行.
INFO: Run Behavior\ParseTemplateBehavior [ RunTime:0.017359s ]
INFO: [ view_parse ] --END-- [ RunTime:0.017387s ]
INFO: [ view_filter ] --START--
INFO: Run Behavior\WriteHtmlCacheBehavior [ RunTime:0.000262s ]
INFO: [ view_filter ] --END-- [ RunTime:0.000281s ]
INFO: [ app_end ] --START--
INFO: Run Behavior\ShowPageTraceBehavior [ RunTime:0.000543s ]
INFO: [ app_end ] --END-- [ RunTime:0.000578s ]

